1601284940166:sum 1 2 3
1601285021979:sum 1
1601285025220:sum 1,2
1601285030010:sum 1,2,3,4,5
1601285732692:sum
1601285746617:sum --help
1601285749451:sum
1601285759951:sum 1,2,3,4,5
1601290352647:a
1601290354466:sum
1601290390989:stack sum a
1601290398445:sum a stack
1601290407443:d
1601290417210:sum a stacktrace
1601290430901:clean
1601290584730:add 1,2,3
1601290593309:sub 1 2
1601290598645:sub 1 2,3,4
1601291376365:help
1601291394093:stacktrace
1601291400529:add 1
1601291412119:add 1 a stacktrace
1601291420473:stacktrace
1601291429306:add 1 a
1601291438653:stacktrace
1601291452548:help
1601291486734:add help
1601291732273:clear
1601291734708:da
1601291737481:clear
